Unity Editor version:    2021.3.8f1 (b30333d56e81)
Branch:                  2021.3/staging
Build type:              Release
Batch mode:              YES
macOS version:           Version 13.2.1 (Build 22D68)
Darwin version:          22.3.0
Architecture:            x86_64
Running under Rosetta:   YES
Available memory:        16384 MB
Using pre-set license
Pro License: YES

COMMAND LINE ARGUMENTS:
/Applications/Unity/Hub/Editor/2021.3.8f1/Unity.app/Contents/MacOS/Unity
-adb2
-batchMode
-noUpm
-name
AssetImportWorker0
-projectPath
/Users/isaac/Documents/GitHub/SensoryStimulation/Sensory_Stimulation
-logFile
Logs/AssetImportWorker0.log
-srvPort
59393
Successfully changed project path to: /Users/isaac/Documents/GitHub/SensoryStimulation/Sensory_Stimulation
/Users/isaac/Documents/GitHub/SensoryStimulation/Sensory_Stimulation
[UnityMemory] Configuration Parameters - Can be set up in boot.config
    "memorysetup-bucket-allocator-granularity=16"
    "memorysetup-bucket-allocator-bucket-count=8"
    "memorysetup-bucket-allocator-block-size=33554432"
    "memorysetup-bucket-allocator-block-count=8"
    "memorysetup-main-allocator-block-size=16777216"
    "memorysetup-thread-allocator-block-size=16777216"
    "memorysetup-gfx-main-allocator-block-size=16777216"
    "memorysetup-gfx-thread-allocator-block-size=16777216"
    "memorysetup-cache-allocator-block-size=4194304"
    "memorysetup-typetree-allocator-block-size=2097152"
    "memorysetup-profiler-bucket-allocator-granularity=16"
    "memorysetup-profiler-bucket-allocator-bucket-count=8"
    "memorysetup-profiler-bucket-allocator-block-size=33554432"
    "memorysetup-profiler-bucket-allocator-block-count=8"
    "memorysetup-profiler-allocator-block-size=16777216"
    "memorysetup-profiler-editor-allocator-block-size=1048576"
    "memorysetup-temp-allocator-size-main=16777216"
    "memorysetup-job-temp-allocator-block-size=2097152"
    "memorysetup-job-temp-allocator-block-size-background=1048576"
    "memorysetup-job-temp-allocator-reduction-small-platforms=262144"
    "memorysetup-temp-allocator-size-background-worker=32768"
    "memorysetup-temp-allocator-size-job-worker=262144"
    "memorysetup-temp-allocator-size-preload-manager=33554432"
    "memorysetup-temp-allocator-size-nav-mesh-worker=65536"
    "memorysetup-temp-allocator-size-audio-worker=65536"
    "memorysetup-temp-allocator-size-cloud-worker=32768"
    "memorysetup-temp-allocator-size-gi-baking-worker=262144"
    "memorysetup-temp-allocator-size-gfx=262144"
Refreshing native plugins compatible for Editor in 107.39 ms, found 2 plugins.
Preloading 0 native plugins for Editor in 0.00 ms.
Initialize engine version: 2021.3.8f1 (b30333d56e81)
[Subsystems] Discovering subsystems at path /Applications/Unity/Hub/Editor/2021.3.8f1/Unity.app/Contents/Resources/UnitySubsystems
[Subsystems] Discovering subsystems at path /Users/isaac/Documents/GitHub/SensoryStimulation/Sensory_Stimulation/Assets
GfxDevice: creating device client; threaded=0; jobified=0
 preferred device: Apple M1 Pro (high power)
Metal devices available: 1
0: Apple M1 Pro (high power)
Using device Apple M1 Pro (high power)
Initializing Metal device caps: Apple M1 Pro
Initialize mono
Mono path[0] = '/Applications/Unity/Hub/Editor/2021.3.8f1/Unity.app/Contents/Managed'
Mono path[1] = '/Applications/Unity/Hub/Editor/2021.3.8f1/Unity.app/Contents/MonoBleedingEdge/lib/mono/unityjit-macos'
Mono config path = '/Applications/Unity/Hub/Editor/2021.3.8f1/Unity.app/Contents/MonoBleedingEdge/etc'
Using monoOptions --debugger-agent=transport=dt_socket,embedding=1,server=y,suspend=n,address=127.0.0.1:56397
Begin MonoManager ReloadAssembly
Registering precompiled unity dll's ...
Register platform support module: /Applications/Unity/Hub/Editor/2021.3.8f1/PlaybackEngines/WebGLSupport/UnityEditor.WebGL.Extensions.dll
Register platform support module: /Applications/Unity/Hub/Editor/2021.3.8f1/Unity.app/Contents/PlaybackEngines/MacStandaloneSupport/UnityEditor.OSXStandalone.Extensions.dll
Register platform support module: /Applications/Unity/Hub/Editor/2021.3.8f1/PlaybackEngines/WindowsStandaloneSupport/UnityEditor.WindowsStandalone.Extensions.dll
Registered in 0.002373 seconds.
Native extension for WindowsStandalone target not found
Native extension for OSXStandalone target not found
Native extension for WebGL target not found
Refreshing native plugins compatible for Editor in 104.78 ms, found 2 plugins.
Preloading 0 native plugins for Editor in 0.00 ms.
Mono: successfully reloaded assembly
- Completed reload, in  1.505 seconds
Domain Reload Profiling:
	ReloadAssembly (1506ms)
		BeginReloadAssembly (139ms)
			ExecutionOrderSort (0ms)
			DisableScriptedObjects (0ms)
			BackupInstance (0ms)
			ReleaseScriptingObjects (0ms)
			CreateAndSetChildDomain (3ms)
		EndReloadAssembly (1134ms)
			LoadAssemblies (138ms)
			RebuildTransferFunctionScriptingTraits (0ms)
			SetupTypeCache (121ms)
			ReleaseScriptCaches (0ms)
			RebuildScriptCaches (33ms)
			SetupLoadedEditorAssemblies (827ms)
				LogAssemblyErrors (0ms)
				InitializePlatformSupportModulesInManaged (26ms)
				SetLoadedEditorAssemblies (0ms)
				RefreshPlugins (105ms)
				BeforeProcessingInitializeOnLoad (3ms)
				ProcessInitializeOnLoadAttributes (515ms)
				ProcessInitializeOnLoadMethodAttributes (176ms)
				AfterProcessingInitializeOnLoad (0ms)
				EditorAssembliesLoaded (0ms)
			ExecutionOrderSort2 (0ms)
			AwakeInstancesAfterBackupRestoration (0ms)
Platform modules already initialized, skipping
Registering precompiled user dll's ...
Registered in 0.006423 seconds.
Begin MonoManager ReloadAssembly
Symbol file LoadedFromMemory doesn't match image /Users/isaac/Documents/GitHub/SensoryStimulation/Sensory_Stimulation/Library/PackageCache/com.unity.visualscripting@1.7.8/Editor/VisualScripting.Core/Dependencies/YamlDotNet/Unity.VisualScripting.YamlDotNet.dll
Symbol file LoadedFromMemory doesn't match image /Users/isaac/Documents/GitHub/SensoryStimulation/Sensory_Stimulation/Library/PackageCache/com.unity.visualscripting@1.7.8/Editor/VisualScripting.Core/Dependencies/DotNetZip/Unity.VisualScripting.IonicZip.dll
Native extension for WindowsStandalone target not found
Native extension for OSXStandalone target not found
Native extension for WebGL target not found
Refreshing native plugins compatible for Editor in 0.70 ms, found 2 plugins.
Preloading 0 native plugins for Editor in 0.00 ms.
Mono: successfully reloaded assembly
- Completed reload, in  2.473 seconds
Domain Reload Profiling:
	ReloadAssembly (2475ms)
		BeginReloadAssembly (238ms)
			ExecutionOrderSort (0ms)
			DisableScriptedObjects (39ms)
			BackupInstance (0ms)
			ReleaseScriptingObjects (0ms)
			CreateAndSetChildDomain (26ms)
		EndReloadAssembly (1953ms)
			LoadAssemblies (130ms)
			RebuildTransferFunctionScriptingTraits (0ms)
			SetupTypeCache (297ms)
			ReleaseScriptCaches (1ms)
			RebuildScriptCaches (66ms)
			SetupLoadedEditorAssemblies (1273ms)
				LogAssemblyErrors (0ms)
				InitializePlatformSupportModulesInManaged (24ms)
				SetLoadedEditorAssemblies (1ms)
				RefreshPlugins (1ms)
				BeforeProcessingInitializeOnLoad (138ms)
				ProcessInitializeOnLoadAttributes (980ms)
				ProcessInitializeOnLoadMethodAttributes (127ms)
				AfterProcessingInitializeOnLoad (1ms)
				EditorAssembliesLoaded (0ms)
			ExecutionOrderSort2 (0ms)
			AwakeInstancesAfterBackupRestoration (13ms)
Platform modules already initialized, skipping
========================================================================
Worker process is ready to serve import requests
Launching external process: /Applications/Unity/Hub/Editor/2021.3.8f1/Unity.app/Contents/Tools/UnityShaderCompiler
Launched and connected shader compiler UnityShaderCompiler after 0.09 seconds
Refreshing native plugins compatible for Editor in 0.75 ms, found 2 plugins.
Preloading 0 native plugins for Editor in 0.00 ms.
Unloading 3597 Unused Serialized files (Serialized files now loaded: 0)
Unloading 38 unused Assets / (1.3 MB). Loaded Objects now: 4058.
Memory consumption went from 107.5 MB to 106.2 MB.
Total: 3.440291 ms (FindLiveObjects: 0.213542 ms CreateObjectMapping: 0.084334 ms MarkObjects: 2.684209 ms  DeleteObjects: 0.457209 ms)

AssetImportParameters requested are different than current active one (requested -> active):
  custom:video-decoder-ogg-theora: a1e56fd34408186e4bbccfd4996cb3dc -> 
  custom:container-muxer-webm: aa71ff27fc2769a1b78a27578f13a17b -> 
  custom:container-demuxer-webm: 4f35f7cbe854078d1ac9338744f61a02 -> 
  custom:video-encoder-webm-vp8: eb34c28f22e8b96e1ab97ce403110664 -> 
  custom:framework-osx-AVFoundation: e770b220cccbd017edd2c1fefb359320 -> 
  custom:audio-encoder-webm-vorbis: bf7c407c2cedff20999df2af8eb42d56 -> 
  custom:container-demuxer-ogg: 62fdf1f143b41e24485cea50d1cbac27 -> 
  custom:video-decoder-webm-vp8: 9c59270c3fd7afecdb556c50c9e8de78 -> 
  custom:audio-decoder-ogg-vorbis: bf7c407c2cedff20999df2af8eb42d56 -> 
========================================================================
Received Import Request.
  Time since last request: 1199192.257117 seconds.
  path: Assets/Scenes/SampleScene_Profiles/Post Profile.asset
  artifactKey: Guid(b040ebaf581484ef8804657f7400380a) Importer(815301076,1909f56bfc062723c751e8b465ee728b)
Start importing Assets/Scenes/SampleScene_Profiles/Post Profile.asset using Guid(b040ebaf581484ef8804657f7400380a) Importer(815301076,1909f56bfc062723c751e8b465ee728b)  -> (artifact id: '8742f967a02469455d9ec757507cf1f1') in 0.686356 seconds 
========================================================================
Received Import Request.
  Time since last request: 4.027566 seconds.
  path: Assets/Scenes/SampleScene_Profiles
  artifactKey: Guid(c6c910a28998e4b1ebf9998437e14319) Importer(815301076,1909f56bfc062723c751e8b465ee728b)
Start importing Assets/Scenes/SampleScene_Profiles using Guid(c6c910a28998e4b1ebf9998437e14319) Importer(815301076,1909f56bfc062723c751e8b465ee728b)  -> (artifact id: '83e5f0485988c4e47b0cdbdbd486448c') in 0.000993 seconds 
========================================================================
Received Import Request.
  Time since last request: 1.635266 seconds.
  path: Assets/Scenes/SampleScene
  artifactKey: Guid(49fb3defb8e74ed46814e8233027a8ad) Importer(815301076,1909f56bfc062723c751e8b465ee728b)
Start importing Assets/Scenes/SampleScene using Guid(49fb3defb8e74ed46814e8233027a8ad) Importer(815301076,1909f56bfc062723c751e8b465ee728b)  -> (artifact id: 'd5cbf7bc42273fb280c6c1633f10fbfd') in 0.001246 seconds 
========================================================================
Received Import Request.
  Time since last request: 1.646474 seconds.
  path: Assets/Scenes/SampleScene.unity
  artifactKey: Guid(9fc0d4010bbf28b4594072e72b8655ab) Importer(815301076,1909f56bfc062723c751e8b465ee728b)
Start importing Assets/Scenes/SampleScene.unity using Guid(9fc0d4010bbf28b4594072e72b8655ab) Importer(815301076,1909f56bfc062723c751e8b465ee728b)  -> (artifact id: '47508635eab31aae0fdcd00018b892b2') in 0.000909 seconds 
========================================================================
Received Import Request.
  Time since last request: 5.541986 seconds.
  path: Assets/Plugins/VolumetricLightBeam/com.saladgamer.volumetriclightbeam.asmdef
  artifactKey: Guid(631024d009dacbb4397630a0f8e71ced) Importer(815301076,1909f56bfc062723c751e8b465ee728b)
Start importing Assets/Plugins/VolumetricLightBeam/com.saladgamer.volumetriclightbeam.asmdef using Guid(631024d009dacbb4397630a0f8e71ced) Importer(815301076,1909f56bfc062723c751e8b465ee728b)  -> (artifact id: '87697b6371388776fd6e1e4310d476e1') in 0.257216 seconds 
========================================================================
Received Import Request.
  Time since last request: 2.904659 seconds.
  path: Assets/Plugins/VolumetricLightBeam/Editor/Icons/VolumetricCookie_button.png
  artifactKey: Guid(dbfd5683708f62f4a88afbd49cb649a4) Importer(815301076,1909f56bfc062723c751e8b465ee728b)
Start importing Assets/Plugins/VolumetricLightBeam/Editor/Icons/VolumetricCookie_button.png using Guid(dbfd5683708f62f4a88afbd49cb649a4) Importer(815301076,1909f56bfc062723c751e8b465ee728b)  -> (artifact id: 'a03818f9efe1bb1ae6d7e31c5e8ae871') in 0.540461 seconds 
========================================================================
Received Import Request.
  Time since last request: 0.000066 seconds.
  path: Assets/Plugins/VolumetricLightBeam/Editor/Icons/VolumetricDustParticles_icon.png
  artifactKey: Guid(54d50eb83191723439a591eeeb0eab84) Importer(815301076,1909f56bfc062723c751e8b465ee728b)
Start importing Assets/Plugins/VolumetricLightBeam/Editor/Icons/VolumetricDustParticles_icon.png using Guid(54d50eb83191723439a591eeeb0eab84) Importer(815301076,1909f56bfc062723c751e8b465ee728b)  -> (artifact id: 'e1f59db1c4f2f7e1592e562e9e8e0a0b') in 0.012955 seconds 
========================================================================
Received Import Request.
  Time since last request: 0.000108 seconds.
  path: Assets/Plugins/VolumetricLightBeam/Editor/Icons/VolumetricDustParticles_button.png
  artifactKey: Guid(eae0c95c9c12c4e40a87d028b6e5aaad) Importer(815301076,1909f56bfc062723c751e8b465ee728b)
Start importing Assets/Plugins/VolumetricLightBeam/Editor/Icons/VolumetricDustParticles_button.png using Guid(eae0c95c9c12c4e40a87d028b6e5aaad) Importer(815301076,1909f56bfc062723c751e8b465ee728b)  -> (artifact id: 'a939ec90b6f4d3aa6743c765427ac0b3') in 0.007953 seconds 
========================================================================
Received Import Request.
  Time since last request: 1.122243 seconds.
  path: Assets/Plugins/VolumetricLightBeam/Shaders/VolumetricLightBeamSharedHD.cginc
  artifactKey: Guid(525b43419cd021c4bbc9a066c4cb099a) Importer(815301076,1909f56bfc062723c751e8b465ee728b)
Start importing Assets/Plugins/VolumetricLightBeam/Shaders/VolumetricLightBeamSharedHD.cginc using Guid(525b43419cd021c4bbc9a066c4cb099a) Importer(815301076,1909f56bfc062723c751e8b465ee728b)  -> (artifact id: '400fb1060b9f07a52e153804688427ea') in 0.058699 seconds 
========================================================================
Received Import Request.
  Time since last request: 0.000102 seconds.
  path: Assets/Plugins/VolumetricLightBeam/Editor/Icons/VolumetricShadow_icon.png
  artifactKey: Guid(88e1a1651b6b6994b8c93fb42aec5383) Importer(815301076,1909f56bfc062723c751e8b465ee728b)
Start importing Assets/Plugins/VolumetricLightBeam/Editor/Icons/VolumetricShadow_icon.png using Guid(88e1a1651b6b6994b8c93fb42aec5383) Importer(815301076,1909f56bfc062723c751e8b465ee728b)  -> (artifact id: '7c4d73442ca5d7ee7bf39bcea8905a9c') in 0.010799 seconds 
========================================================================
Received Prepare
Refreshing native plugins compatible for Editor in 4.83 ms, found 2 plugins.
Preloading 0 native plugins for Editor in 0.00 ms.
Unloading 31 Unused Serialized files (Serialized files now loaded: 0)
Unloading 31 unused Assets / (1.3 MB). Loaded Objects now: 4062.
Memory consumption went from 348.7 MB to 347.4 MB.
Total: 29.241583 ms (FindLiveObjects: 0.464625 ms CreateObjectMapping: 0.427500 ms MarkObjects: 27.917250 ms  DeleteObjects: 0.431000 ms)

AssetImportParameters requested are different than current active one (requested -> active):
  colorSpace: 1 -> 0
  custom:video-decoder-ogg-theora: a1e56fd34408186e4bbccfd4996cb3dc -> 
  custom:container-muxer-webm: aa71ff27fc2769a1b78a27578f13a17b -> 
  custom:container-demuxer-webm: 4f35f7cbe854078d1ac9338744f61a02 -> 
  custom:video-encoder-webm-vp8: eb34c28f22e8b96e1ab97ce403110664 -> 
  custom:framework-osx-AVFoundation: e770b220cccbd017edd2c1fefb359320 -> 
  custom:audio-encoder-webm-vorbis: bf7c407c2cedff20999df2af8eb42d56 -> 
  custom:container-demuxer-ogg: 62fdf1f143b41e24485cea50d1cbac27 -> 
  custom:video-decoder-webm-vp8: 9c59270c3fd7afecdb556c50c9e8de78 -> 
  custom:graphics/active-color-space: 03000000000000000000000000000000 -> 02000000000000000000000000000000
  custom:audio-decoder-ogg-vorbis: bf7c407c2cedff20999df2af8eb42d56 -> 
========================================================================
Received Import Request.
  Time since last request: 298.153681 seconds.
  path: Assets/Scenes/SampleScene_Profiles/Post Profile.asset
  artifactKey: Guid(b040ebaf581484ef8804657f7400380a) Importer(815301076,1909f56bfc062723c751e8b465ee728b)
Start importing Assets/Scenes/SampleScene_Profiles/Post Profile.asset using Guid(b040ebaf581484ef8804657f7400380a) Importer(815301076,1909f56bfc062723c751e8b465ee728b)  -> (artifact id: '9adaa7e779dcfc88ec8af374608015bc') in 0.016370 seconds 
========================================================================
Received Import Request.
  Time since last request: 209.707838 seconds.
  path: Assets/Scenes/SampleScene_Profiles/Post Profile.asset
  artifactKey: Guid(b040ebaf581484ef8804657f7400380a) Importer(815301076,1909f56bfc062723c751e8b465ee728b)
Start importing Assets/Scenes/SampleScene_Profiles/Post Profile.asset using Guid(b040ebaf581484ef8804657f7400380a) Importer(815301076,1909f56bfc062723c751e8b465ee728b)  -> (artifact id: '75c4c045d39f63ff53de0dd6cfd457a0') in 0.008677 seconds 
========================================================================
Received Prepare
Registering precompiled user dll's ...
Registered in 0.002370 seconds.
Begin MonoManager ReloadAssembly
Symbol file LoadedFromMemory doesn't match image /Users/isaac/Documents/GitHub/SensoryStimulation/Sensory_Stimulation/Library/PackageCache/com.unity.visualscripting@1.7.8/Editor/VisualScripting.Core/Dependencies/YamlDotNet/Unity.VisualScripting.YamlDotNet.dll
Symbol file LoadedFromMemory doesn't match image /Users/isaac/Documents/GitHub/SensoryStimulation/Sensory_Stimulation/Library/PackageCache/com.unity.visualscripting@1.7.8/Editor/VisualScripting.Core/Dependencies/DotNetZip/Unity.VisualScripting.IonicZip.dll
Native extension for WindowsStandalone target not found
Native extension for OSXStandalone target not found
Native extension for WebGL target not found
Refreshing native plugins compatible for Editor in 0.78 ms, found 2 plugins.
Preloading 0 native plugins for Editor in 0.00 ms.
Mono: successfully reloaded assembly
- Completed reload, in  2.479 seconds
Domain Reload Profiling:
	ReloadAssembly (2481ms)
		BeginReloadAssembly (315ms)
			ExecutionOrderSort (0ms)
			DisableScriptedObjects (42ms)
			BackupInstance (0ms)
			ReleaseScriptingObjects (0ms)
			CreateAndSetChildDomain (82ms)
		EndReloadAssembly (1924ms)
			LoadAssemblies (129ms)
			RebuildTransferFunctionScriptingTraits (0ms)
			SetupTypeCache (300ms)
			ReleaseScriptCaches (1ms)
			RebuildScriptCaches (45ms)
			SetupLoadedEditorAssemblies (1227ms)
				LogAssemblyErrors (0ms)
				InitializePlatformSupportModulesInManaged (44ms)
				SetLoadedEditorAssemblies (2ms)
				RefreshPlugins (1ms)
				BeforeProcessingInitializeOnLoad (121ms)
				ProcessInitializeOnLoadAttributes (939ms)
				ProcessInitializeOnLoadMethodAttributes (119ms)
				AfterProcessingInitializeOnLoad (1ms)
				EditorAssembliesLoaded (0ms)
			ExecutionOrderSort2 (0ms)
			AwakeInstancesAfterBackupRestoration (11ms)
Platform modules already initialized, skipping
Refreshing native plugins compatible for Editor in 2.20 ms, found 2 plugins.
Preloading 0 native plugins for Editor in 0.00 ms.
Unloading 3564 Unused Serialized files (Serialized files now loaded: 0)
Unloading 31 unused Assets / (1.3 MB). Loaded Objects now: 4065.
Memory consumption went from 422.2 MB to 420.9 MB.
Total: 2.950666 ms (FindLiveObjects: 0.179291 ms CreateObjectMapping: 0.080250 ms MarkObjects: 2.318667 ms  DeleteObjects: 0.371458 ms)

AssetImportParameters requested are different than current active one (requested -> active):
  custom:video-decoder-ogg-theora: a1e56fd34408186e4bbccfd4996cb3dc -> 
  custom:container-muxer-webm: aa71ff27fc2769a1b78a27578f13a17b -> 
  custom:container-demuxer-webm: 4f35f7cbe854078d1ac9338744f61a02 -> 
  custom:video-encoder-webm-vp8: eb34c28f22e8b96e1ab97ce403110664 -> 
  custom:framework-osx-AVFoundation: e770b220cccbd017edd2c1fefb359320 -> 
  custom:audio-encoder-webm-vorbis: bf7c407c2cedff20999df2af8eb42d56 -> 
  custom:container-demuxer-ogg: 62fdf1f143b41e24485cea50d1cbac27 -> 
  custom:video-decoder-webm-vp8: 9c59270c3fd7afecdb556c50c9e8de78 -> 
  custom:audio-decoder-ogg-vorbis: bf7c407c2cedff20999df2af8eb42d56 -> 
========================================================================
Received Import Request.
  Time since last request: 220.459079 seconds.
  path: Assets/Plugins
  artifactKey: Guid(67eefbb606b4b47eaaf51a29d64067a7) Importer(815301076,1909f56bfc062723c751e8b465ee728b)
Start importing Assets/Plugins using Guid(67eefbb606b4b47eaaf51a29d64067a7) Importer(815301076,1909f56bfc062723c751e8b465ee728b)  -> (artifact id: '482e757b72230ce93a79e9a1291e7844') in 0.110057 seconds 
========================================================================
Received Import Request.
  Time since last request: 1.123637 seconds.
  path: Assets/Imported Assets/Board.fbx
  artifactKey: Guid(31348708aea6ed244985064ec056566f) Importer(815301076,1909f56bfc062723c751e8b465ee728b)
Start importing Assets/Imported Assets/Board.fbx using Guid(31348708aea6ed244985064ec056566f) Importer(815301076,1909f56bfc062723c751e8b465ee728b)  -> (artifact id: 'e09991a03cfd8cf626b903f94de549af') in 1.176114 seconds 
========================================================================
Received Import Request.
  Time since last request: 1.088809 seconds.
  path: Assets/Imported Assets/frame_normal.png
  artifactKey: Guid(bbd2b9f2074751641a933a42615ecc8f) Importer(815301076,1909f56bfc062723c751e8b465ee728b)
Start importing Assets/Imported Assets/frame_normal.png using Guid(bbd2b9f2074751641a933a42615ecc8f) Importer(815301076,1909f56bfc062723c751e8b465ee728b)  -> (artifact id: 'f59780b267bab9c30f9735d13cfb4daa') in 0.029659 seconds 
========================================================================
Received Import Request.
  Time since last request: 0.039133 seconds.
  path: Assets/Imported Assets/Mesh_AmbientOcclusion.png
  artifactKey: Guid(dd2139b2142185a45812ff0531bcf7fd) Importer(815301076,1909f56bfc062723c751e8b465ee728b)
Start importing Assets/Imported Assets/Mesh_AmbientOcclusion.png using Guid(dd2139b2142185a45812ff0531bcf7fd) Importer(815301076,1909f56bfc062723c751e8b465ee728b)  -> (artifact id: '9cdcfa40889fba40e44174a844892a25') in 0.010641 seconds 
========================================================================
Received Import Request.
  Time since last request: 0.021510 seconds.
  path: Assets/Imported Assets/tabletop_albedo.jpeg
  artifactKey: Guid(7bc0b6e03b32ccb4c818f2749e4ae549) Importer(815301076,1909f56bfc062723c751e8b465ee728b)
Start importing Assets/Imported Assets/tabletop_albedo.jpeg using Guid(7bc0b6e03b32ccb4c818f2749e4ae549) Importer(815301076,1909f56bfc062723c751e8b465ee728b)  -> (artifact id: '19649fcb823ea115a79cb01a160b7147') in 0.091756 seconds 
========================================================================
Received Import Request.
  Time since last request: 10.302249 seconds.
  path: Assets/Imported Assets/Grunge_Texture_A_P1189449.jpeg
  artifactKey: Guid(2195d72a3599f46c1a00527bcee98501) Importer(815301076,1909f56bfc062723c751e8b465ee728b)
Start importing Assets/Imported Assets/Grunge_Texture_A_P1189449.jpeg using Guid(2195d72a3599f46c1a00527bcee98501) Importer(815301076,1909f56bfc062723c751e8b465ee728b)  -> (artifact id: 'ca6285bb058b9c5150225fc06329f198') in 0.010870 seconds 
========================================================================
Received Prepare
Registering precompiled user dll's ...
Registered in 0.002939 seconds.
Begin MonoManager ReloadAssembly
Symbol file LoadedFromMemory doesn't match image /Users/isaac/Documents/GitHub/SensoryStimulation/Sensory_Stimulation/Library/PackageCache/com.unity.visualscripting@1.7.8/Editor/VisualScripting.Core/Dependencies/YamlDotNet/Unity.VisualScripting.YamlDotNet.dll
Symbol file LoadedFromMemory doesn't match image /Users/isaac/Documents/GitHub/SensoryStimulation/Sensory_Stimulation/Library/PackageCache/com.unity.visualscripting@1.7.8/Editor/VisualScripting.Core/Dependencies/DotNetZip/Unity.VisualScripting.IonicZip.dll
Native extension for WindowsStandalone target not found
Native extension for OSXStandalone target not found
Native extension for WebGL target not found
Refreshing native plugins compatible for Editor in 0.66 ms, found 2 plugins.
Preloading 0 native plugins for Editor in 0.00 ms.
Mono: successfully reloaded assembly
- Completed reload, in  2.420 seconds
Domain Reload Profiling:
	ReloadAssembly (2423ms)
		BeginReloadAssembly (323ms)
			ExecutionOrderSort (0ms)
			DisableScriptedObjects (42ms)
			BackupInstance (0ms)
			ReleaseScriptingObjects (0ms)
			CreateAndSetChildDomain (87ms)
		EndReloadAssembly (1859ms)
			LoadAssemblies (129ms)
			RebuildTransferFunctionScriptingTraits (0ms)
			SetupTypeCache (298ms)
			ReleaseScriptCaches (1ms)
			RebuildScriptCaches (44ms)
			SetupLoadedEditorAssemblies (1209ms)
				LogAssemblyErrors (0ms)
				InitializePlatformSupportModulesInManaged (42ms)
				SetLoadedEditorAssemblies (1ms)
				RefreshPlugins (1ms)
				BeforeProcessingInitializeOnLoad (120ms)
				ProcessInitializeOnLoadAttributes (922ms)
				ProcessInitializeOnLoadMethodAttributes (121ms)
				AfterProcessingInitializeOnLoad (1ms)
				EditorAssembliesLoaded (0ms)
			ExecutionOrderSort2 (0ms)
			AwakeInstancesAfterBackupRestoration (11ms)
Platform modules already initialized, skipping
Refreshing native plugins compatible for Editor in 1.21 ms, found 2 plugins.
Preloading 0 native plugins for Editor in 0.00 ms.
Unloading 3566 Unused Serialized files (Serialized files now loaded: 0)
Unloading 33 unused Assets / (1.4 MB). Loaded Objects now: 4111.
Memory consumption went from 0.57 GB to 0.57 GB.
Total: 3.473000 ms (FindLiveObjects: 0.192500 ms CreateObjectMapping: 0.082792 ms MarkObjects: 2.918833 ms  DeleteObjects: 0.277667 ms)

AssetImportParameters requested are different than current active one (requested -> active):
  custom:video-decoder-ogg-theora: a1e56fd34408186e4bbccfd4996cb3dc -> 
  custom:container-muxer-webm: aa71ff27fc2769a1b78a27578f13a17b -> 
  custom:container-demuxer-webm: 4f35f7cbe854078d1ac9338744f61a02 -> 
  custom:video-encoder-webm-vp8: eb34c28f22e8b96e1ab97ce403110664 -> 
  custom:framework-osx-AVFoundation: e770b220cccbd017edd2c1fefb359320 -> 
  custom:audio-encoder-webm-vorbis: bf7c407c2cedff20999df2af8eb42d56 -> 
  custom:container-demuxer-ogg: 62fdf1f143b41e24485cea50d1cbac27 -> 
  custom:video-decoder-webm-vp8: 9c59270c3fd7afecdb556c50c9e8de78 -> 
  custom:audio-decoder-ogg-vorbis: bf7c407c2cedff20999df2af8eb42d56 -> 
